# JRE version: OpenJDK Runtime Environment (11.0.12+7) (build 11.0.12+7-b1504.28-7817840)
# Java VM: OpenJDK 64-Bit Server VM (11.0.12+7-b1504.28-7817840, mixed mode, tiered, compressed oops, g1 gc, windows-amd64)
Heap:
 garbage-first heap   total 236544K, used 111396K [0x0000000080000000, 0x0000000100000000)
  region size 1024K, 51 young (52224K), 6 survivors (6144K)
 Metaspace       used 67137K, capacity 69000K, committed 69220K, reserved 1110016K
  class space    used 8470K, capacity 9076K, committed 9164K, reserved 1048576K
GC Heap History (20 events):
Event: 7.746 GC heap before
{Heap before GC invocations=7 (full 0):
 garbage-first heap   total 196608K, used 99301K [0x0000000080000000, 0x0000000100000000)
  region size 1024K, 74 young (75776K), 4 survivors (4096K)
 Metaspace       used 34874K, capacity 35778K, committed 35840K, reserved 1081344K
  class space    used 4643K, capacity 4987K, committed 4992K, reserved 1048576K
}
Event: 7.766 GC heap after
{Heap after GC invocations=8 (full 0):
 garbage-first heap   total 196608K, used 35606K [0x0000000080000000, 0x0000000100000000)
  region size 1024K, 10 young (10240K), 10 survivors (10240K)
 Metaspace       used 34874K, capacity 35778K, committed 35840K, reserved 1081344K
  class space    used 4643K, capacity 4987K, committed 4992K, reserved 1048576K
}
Event: 9.460 GC heap before
{Heap before GC invocations=9 (full 0):
 garbage-first heap   total 196608K, used 127766K [0x0000000080000000, 0x0000000100000000)
  region size 1024K, 98 young (100352K), 10 survivors (10240K)
 Metaspace       used 45218K, capacity 46406K, committed 46592K, reserved 1089536K
  class space    used 5917K, capacity 6330K, committed 6400K, reserved 1048576K
}
Event: 9.487 GC heap after
{Heap after GC invocations=10 (full 0):
 garbage-first heap   total 196608K, used 42102K [0x0000000080000000, 0x0000000100000000)
  region size 1024K, 13 young (13312K), 13 survivors (13312K)
 Metaspace       used 45218K, capacity 46406K, committed 46592K, reserved 1089536K
  class space    used 5917K, capacity 6330K, committed 6400K, reserved 1048576K
}
Event: 10.791 GC heap before
{Heap before GC invocations=10 (full 0):
 garbage-first heap   total 196608K, used 139382K [0x0000000080000000, 0x0000000100000000)
  region size 1024K, 108 young (110592K), 13 survivors (13312K)
 Metaspace       used 47093K, capacity 48273K, committed 48384K, reserved 1091584K
  class space    used 6144K, capacity 6590K, committed 6656K, reserved 1048576K
}
Event: 10.815 GC heap after
{Heap after GC invocations=11 (full 0):
 garbage-first heap   total 196608K, used 44386K [0x0000000080000000, 0x0000000100000000)
  region size 1024K, 9 young (9216K), 9 survivors (9216K)
 Metaspace       used 47093K, capacity 48273K, committed 48384K, reserved 1091584K
  class space    used 6144K, capacity 6590K, committed 6656K, reserved 1048576K
}
Event: 12.546 GC heap before
{Heap before GC invocations=11 (full 0):
 garbage-first heap   total 196608K, used 147810K [0x0000000080000000, 0x0000000100000000)
  region size 1024K, 109 young (111616K), 9 survivors (9216K)
 Metaspace       used 49643K, capacity 50913K, committed 50944K, reserved 1093632K
  class space    used 6426K, capacity 6908K, committed 6912K, reserved 1048576K
}
Event: 12.568 GC heap after
{Heap after GC invocations=12 (full 0):
 garbage-first heap   total 236544K, used 48432K [0x0000000080000000, 0x0000000100000000)
  region size 1024K, 6 young (6144K), 6 survivors (6144K)
 Metaspace       used 49643K, capacity 50913K, committed 50944K, reserved 1093632K
  class space    used 6426K, capacity 6908K, committed 6912K, reserved 1048576K
}
Event: 13.070 GC heap before
{Heap before GC invocations=12 (full 0):
 garbage-first heap   total 236544K, used 164144K [0x0000000080000000, 0x0000000100000000)
  region size 1024K, 116 young (118784K), 6 survivors (6144K)
 Metaspace       used 49663K, capacity 50978K, committed 51200K, reserved 1093632K
  class space    used 6426K, capacity 6908K, committed 6912K, reserved 1048576K
}
Event: 13.080 GC heap after
{Heap after GC invocations=13 (full 0):
 garbage-first heap   total 236544K, used 50480K [0x0000000080000000, 0x0000000100000000)
  region size 1024K, 6 young (6144K), 6 survivors (6144K)
 Metaspace       used 49663K, capacity 50978K, committed 51200K, reserved 1093632K
  class space    used 6426K, capacity 6908K, committed 6912K, reserved 1048576K
}
Event: 13.449 GC heap before
{Heap before GC invocations=13 (full 0):
 garbage-first heap   total 236544K, used 172336K [0x0000000080000000, 0x0000000100000000)
  region size 1024K, 125 young (128000K), 6 survivors (6144K)
 Metaspace       used 49663K, capacity 50978K, committed 51200K, reserved 1093632K
  class space    used 6426K, capacity 6908K, committed 6912K, reserved 1048576K
}
Event: 13.464 GC heap after
{Heap after GC invocations=14 (full 0):
 garbage-first heap   total 236544K, used 52336K [0x0000000080000000, 0x0000000100000000)
  region size 1024K, 8 young (8192K), 8 survivors (8192K)
 Metaspace       used 49663K, capacity 50978K, committed 51200K, reserved 1093632K
  class space    used 6426K, capacity 6908K, committed 6912K, reserved 1048576K
}
Event: 13.971 GC heap before
{Heap before GC invocations=14 (full 0):
 garbage-first heap   total 236544K, used 183408K [0x0000000080000000, 0x0000000100000000)
  region size 1024K, 132 young (135168K), 8 survivors (8192K)
 Metaspace       used 49694K, capacity 51010K, committed 51328K, reserved 1093632K
  class space    used 6428K, capacity 6940K, committed 7040K, reserved 1048576K
}
Event: 13.982 GC heap after
{Heap after GC invocations=15 (full 0):
 garbage-first heap   total 236544K, used 51136K [0x0000000080000000, 0x0000000100000000)
  region size 1024K, 6 young (6144K), 6 survivors (6144K)
 Metaspace       used 49694K, capacity 51010K, committed 51328K, reserved 1093632K
  class space    used 6428K, capacity 6940K, committed 7040K, reserved 1048576K
}
Event: 15.994 GC heap before
{Heap before GC invocations=15 (full 0):
 garbage-first heap   total 236544K, used 190400K [0x0000000080000000, 0x0000000100000000)
  region size 1024K, 138 young (141312K), 6 survivors (6144K)
 Metaspace       used 55875K, capacity 57544K, committed 57728K, reserved 1099776K
  class space    used 7244K, capacity 7772K, committed 7808K, reserved 1048576K
}
Event: 16.014 GC heap after
{Heap after GC invocations=16 (full 0):
 garbage-first heap   total 236544K, used 61744K [0x0000000080000000, 0x0000000100000000)
  region size 1024K, 12 young (12288K), 12 survivors (12288K)
 Metaspace       used 55875K, capacity 57544K, committed 57728K, reserved 1099776K
  class space    used 7244K, capacity 7772K, committed 7808K, reserved 1048576K
}
Event: 16.380 GC heap before
{Heap before GC invocations=16 (full 0):
 garbage-first heap   total 236544K, used 77104K [0x0000000080000000, 0x0000000100000000)
  region size 1024K, 28 young (28672K), 12 survivors (12288K)
 Metaspace       used 58314K, capacity 60069K, committed 60160K, reserved 1101824K
  class space    used 7517K, capacity 8117K, committed 8192K, reserved 1048576K
}
Event: 16.404 GC heap after
{Heap after GC invocations=17 (full 0):
 garbage-first heap   total 236544K, used 62941K [0x0000000080000000, 0x0000000100000000)
  region size 1024K, 11 young (11264K), 11 survivors (11264K)
 Metaspace       used 58314K, capacity 60069K, committed 60160K, reserved 1101824K
  class space    used 7517K, capacity 8117K, committed 8192K, reserved 1048576K
}
Event: 24.293 GC heap before
{Heap before GC invocations=18 (full 0):
 garbage-first heap   total 236544K, used 155101K [0x0000000080000000, 0x0000000100000000)
  region size 1024K, 101 young (103424K), 11 survivors (11264K)
 Metaspace       used 66058K, capacity 67932K, committed 68196K, reserved 1107968K
  class space    used 8429K, capacity 9048K, committed 9164K, reserved 1048576K
}
Event: 24.319 GC heap after
{Heap after GC invocations=19 (full 0):
 garbage-first heap   total 236544K, used 67364K [0x0000000080000000, 0x0000000100000000)
  region size 1024K, 6 young (6144K), 6 survivors (6144K)
 Metaspace       used 66058K, capacity 67932K, committed 68196K, reserved 1107968K
  class space    used 8429K, capacity 9048K, committed 9164K, reserved 1048576K
}

