# JRE version: OpenJDK Runtime Environment (11.0.12+7) (build 11.0.12+7-b1504.28-7817840)
# Java VM: OpenJDK 64-Bit Server VM (11.0.12+7-b1504.28-7817840, mixed mode, tiered, compressed oops, g1 gc, windows-amd64)
Heap:
 garbage-first heap   total 236544K, used 75890K [0x0000000080000000, 0x0000000100000000)
  region size 1024K, 31 young (31744K), 4 survivors (4096K)
 Metaspace       used 49745K, capacity 51019K, committed 51276K, reserved 1093632K
  class space    used 6431K, capacity 6904K, committed 6988K, reserved 1048576K
GC Heap History (20 events):
Event: 1.789 GC heap before
{Heap before GC invocations=2 (full 0):
 garbage-first heap   total 196608K, used 39030K [0x0000000080000000, 0x0000000100000000)
  region size 1024K, 30 young (30720K), 2 survivors (2048K)
 Metaspace       used 11267K, capacity 11440K, committed 11520K, reserved 1058816K
  class space    used 1175K, capacity 1244K, committed 1280K, reserved 1048576K
}
Event: 1.793 GC heap after
{Heap after GC invocations=3 (full 0):
 garbage-first heap   total 196608K, used 12197K [0x0000000080000000, 0x0000000100000000)
  region size 1024K, 4 young (4096K), 4 survivors (4096K)
 Metaspace       used 11267K, capacity 11440K, committed 11520K, reserved 1058816K
  class space    used 1175K, capacity 1244K, committed 1280K, reserved 1048576K
}
Event: 4.145 GC heap before
{Heap before GC invocations=3 (full 0):
 garbage-first heap   total 196608K, used 54181K [0x0000000080000000, 0x0000000100000000)
  region size 1024K, 45 young (46080K), 4 survivors (4096K)
 Metaspace       used 17778K, capacity 18182K, committed 18432K, reserved 1064960K
  class space    used 2080K, capacity 2228K, committed 2304K, reserved 1048576K
}
Event: 4.156 GC heap after
{Heap after GC invocations=4 (full 0):
 garbage-first heap   total 196608K, used 15927K [0x0000000080000000, 0x0000000100000000)
  region size 1024K, 6 young (6144K), 6 survivors (6144K)
 Metaspace       used 17778K, capacity 18182K, committed 18432K, reserved 1064960K
  class space    used 2080K, capacity 2228K, committed 2304K, reserved 1048576K
}
Event: 4.550 GC heap before
{Heap before GC invocations=4 (full 0):
 garbage-first heap   total 196608K, used 44599K [0x0000000080000000, 0x0000000100000000)
  region size 1024K, 36 young (36864K), 6 survivors (6144K)
 Metaspace       used 20678K, capacity 21151K, committed 21248K, reserved 1067008K
  class space    used 2538K, capacity 2728K, committed 2816K, reserved 1048576K
}
Event: 4.560 GC heap after
{Heap after GC invocations=5 (full 0):
 garbage-first heap   total 196608K, used 17427K [0x0000000080000000, 0x0000000100000000)
  region size 1024K, 2 young (2048K), 2 survivors (2048K)
 Metaspace       used 20678K, capacity 21151K, committed 21248K, reserved 1067008K
  class space    used 2538K, capacity 2728K, committed 2816K, reserved 1048576K
}
Event: 5.706 GC heap before
{Heap before GC invocations=6 (full 0):
 garbage-first heap   total 196608K, used 75795K [0x0000000080000000, 0x0000000100000000)
  region size 1024K, 59 young (60416K), 2 survivors (2048K)
 Metaspace       used 27263K, capacity 27902K, committed 28160K, reserved 1073152K
  class space    used 3557K, capacity 3797K, committed 3840K, reserved 1048576K
}
Event: 5.714 GC heap after
{Heap after GC invocations=7 (full 0):
 garbage-first heap   total 196608K, used 19539K [0x0000000080000000, 0x0000000100000000)
  region size 1024K, 4 young (4096K), 4 survivors (4096K)
 Metaspace       used 27263K, capacity 27902K, committed 28160K, reserved 1073152K
  class space    used 3557K, capacity 3797K, committed 3840K, reserved 1048576K
}
Event: 7.913 GC heap before
{Heap before GC invocations=7 (full 0):
 garbage-first heap   total 196608K, used 100435K [0x0000000080000000, 0x0000000100000000)
  region size 1024K, 75 young (76800K), 4 survivors (4096K)
 Metaspace       used 34946K, capacity 35829K, committed 35840K, reserved 1081344K
  class space    used 4641K, capacity 4986K, committed 4992K, reserved 1048576K
}
Event: 7.928 GC heap after
{Heap after GC invocations=8 (full 0):
 garbage-first heap   total 196608K, used 33798K [0x0000000080000000, 0x0000000100000000)
  region size 1024K, 8 young (8192K), 8 survivors (8192K)
 Metaspace       used 34946K, capacity 35829K, committed 35840K, reserved 1081344K
  class space    used 4641K, capacity 4986K, committed 4992K, reserved 1048576K
}
Event: 10.202 GC heap before
{Heap before GC invocations=9 (full 0):
 garbage-first heap   total 196608K, used 137222K [0x0000000080000000, 0x0000000100000000)
  region size 1024K, 107 young (109568K), 8 survivors (8192K)
 Metaspace       used 46377K, capacity 47578K, committed 47692K, reserved 1091584K
  class space    used 5971K, capacity 6382K, committed 6476K, reserved 1048576K
}
Event: 10.247 GC heap after
{Heap after GC invocations=10 (full 0):
 garbage-first heap   total 196608K, used 41431K [0x0000000080000000, 0x0000000100000000)
  region size 1024K, 14 young (14336K), 14 survivors (14336K)
 Metaspace       used 46377K, capacity 47578K, committed 47692K, reserved 1091584K
  class space    used 5971K, capacity 6382K, committed 6476K, reserved 1048576K
}
Event: 11.808 GC heap before
{Heap before GC invocations=11 (full 0):
 garbage-first heap   total 196608K, used 145879K [0x0000000080000000, 0x0000000100000000)
  region size 1024K, 112 young (114688K), 14 survivors (14336K)
 Metaspace       used 49393K, capacity 50708K, committed 51020K, reserved 1093632K
  class space    used 6414K, capacity 6892K, committed 6988K, reserved 1048576K
}
Event: 11.843 GC heap after
{Heap after GC invocations=12 (full 0):
 garbage-first heap   total 196608K, used 48998K [0x0000000080000000, 0x0000000100000000)
  region size 1024K, 4 young (4096K), 4 survivors (4096K)
 Metaspace       used 49393K, capacity 50708K, committed 51020K, reserved 1093632K
  class space    used 6414K, capacity 6892K, committed 6988K, reserved 1048576K
}
Event: 12.264 GC heap before
{Heap before GC invocations=12 (full 0):
 garbage-first heap   total 196608K, used 148326K [0x0000000080000000, 0x0000000100000000)
  region size 1024K, 101 young (103424K), 4 survivors (4096K)
 Metaspace       used 49486K, capacity 50780K, committed 51020K, reserved 1093632K
  class space    used 6418K, capacity 6893K, committed 6988K, reserved 1048576K
}
Event: 12.271 GC heap after
{Heap after GC invocations=13 (full 0):
 garbage-first heap   total 236544K, used 50390K [0x0000000080000000, 0x0000000100000000)
  region size 1024K, 5 young (5120K), 5 survivors (5120K)
 Metaspace       used 49486K, capacity 50780K, committed 51020K, reserved 1093632K
  class space    used 6418K, capacity 6893K, committed 6988K, reserved 1048576K
}
Event: 12.771 GC heap before
{Heap before GC invocations=13 (full 0):
 garbage-first heap   total 236544K, used 172246K [0x0000000080000000, 0x0000000100000000)
  region size 1024K, 124 young (126976K), 5 survivors (5120K)
 Metaspace       used 49487K, capacity 50780K, committed 51020K, reserved 1093632K
  class space    used 6418K, capacity 6893K, committed 6988K, reserved 1048576K
}
Event: 12.778 GC heap after
{Heap after GC invocations=14 (full 0):
 garbage-first heap   total 236544K, used 51953K [0x0000000080000000, 0x0000000100000000)
  region size 1024K, 7 young (7168K), 7 survivors (7168K)
 Metaspace       used 49487K, capacity 50780K, committed 51020K, reserved 1093632K
  class space    used 6418K, capacity 6893K, committed 6988K, reserved 1048576K
}
Event: 13.642 GC heap before
{Heap before GC invocations=14 (full 0):
 garbage-first heap   total 236544K, used 184049K [0x0000000080000000, 0x0000000100000000)
  region size 1024K, 132 young (135168K), 7 survivors (7168K)
 Metaspace       used 49711K, capacity 50955K, committed 51276K, reserved 1093632K
  class space    used 6431K, capacity 6904K, committed 6988K, reserved 1048576K
}
Event: 13.650 GC heap after
{Heap after GC invocations=15 (full 0):
 garbage-first heap   total 236544K, used 49266K [0x0000000080000000, 0x0000000100000000)
  region size 1024K, 4 young (4096K), 4 survivors (4096K)
 Metaspace       used 49711K, capacity 50955K, committed 51276K, reserved 1093632K
  class space    used 6431K, capacity 6904K, committed 6988K, reserved 1048576K
}

